nohup: ignoring input
[DEPRECATION WARNING] github.com/qiniu/api.v7 is deprecated. And the repository is moved to github.com/qiniu/api.v7 now
[GIN-debug] [WARNING] Running in "debug" mode. Switch to "release" mode in production.
 - using env:	export GIN_MODE=release
 - using code:	gin.SetMode(gin.ReleaseMode)

[GIN-debug] GET    /uploads/file/*filepath   --> github.com/gin-gonic/gin.(*RouterGroup).createStaticHandler.func1 (3 handlers)
[GIN-debug] HEAD   /uploads/file/*filepath   --> github.com/gin-gonic/gin.(*RouterGroup).createStaticHandler.func1 (3 handlers)
[GIN-debug] POST   /upload2                  --> gitee.com/stuinfer/bee-api/api.DfsApi.UploadFile-fm (5 handlers)
[GIN-debug] GET    /yunlaba/bind.html        --> gitee.com/stuinfer/bee-api/router.NewRouter.func1 (3 handlers)
[GIN-debug] POST   /:domain/dfs/upload/file  --> gitee.com/stuinfer/bee-api/api.DfsApi.UploadFile-fm (5 handlers)
[GIN-debug] GET    /:domain/config/values    --> gitee.com/stuinfer/bee-api/api.ConfigApi.Values-fm (4 handlers)
[GIN-debug] POST   /:domain/qrcode/wxa/unlimit --> gitee.com/stuinfer/bee-api/api.QrcodeApi.WxaUnLimit-fm (4 handlers)
[GIN-debug] GET    /:domain/shop/subshop/detail/v2 --> gitee.com/stuinfer/bee-api/api.ShopApi.SubShopDetail-fm (4 handlers)
[GIN-debug] POST   /:domain/shop/subshop/list --> gitee.com/stuinfer/bee-api/api.ShopApi.SubShopList-fm (4 handlers)
[GIN-debug] GET    /:domain/shop/goods/category/all --> gitee.com/stuinfer/bee-api/api.BaseApi.CategoryAll-fm (4 handlers)
[GIN-debug] POST   /:domain/shop/goods/list  --> gitee.com/stuinfer/bee-api/api.GoodsApi.List-fm (4 handlers)
[GIN-debug] GET    /:domain/shop/goods/list/v2 --> gitee.com/stuinfer/bee-api/api.GoodsApi.List-fm (4 handlers)
[GIN-debug] POST   /:domain/shop/goods/price --> gitee.com/stuinfer/bee-api/api.GoodsApi.Price-fm (4 handlers)
[GIN-debug] GET    /:domain/shop/goods/detail --> gitee.com/stuinfer/bee-api/api.GoodsApi.Detail-fm (4 handlers)
[GIN-debug] GET    /:domain/shop/goods/goodsAddition --> gitee.com/stuinfer/bee-api/api.GoodsApi.GoodsAddition-fm (4 handlers)
[GIN-debug] GET    /:domain/shop/goods/times/schedule --> gitee.com/stuinfer/bee-api/api.GoodsApi.TimesSchedule-fm (4 handlers)
[GIN-debug] POST   /:domain/shop/goods/times/schedule --> gitee.com/stuinfer/bee-api/api.GoodsApi.TimesSchedule-fm (4 handlers)
[GIN-debug] PUT    /:domain/shop/goods/times/schedule --> gitee.com/stuinfer/bee-api/api.GoodsApi.TimesSchedule-fm (4 handlers)
[GIN-debug] PATCH  /:domain/shop/goods/times/schedule --> gitee.com/stuinfer/bee-api/api.GoodsApi.TimesSchedule-fm (4 handlers)
[GIN-debug] HEAD   /:domain/shop/goods/times/schedule --> gitee.com/stuinfer/bee-api/api.GoodsApi.TimesSchedule-fm (4 handlers)
[GIN-debug] OPTIONS /:domain/shop/goods/times/schedule --> gitee.com/stuinfer/bee-api/api.GoodsApi.TimesSchedule-fm (4 handlers)
[GIN-debug] DELETE /:domain/shop/goods/times/schedule --> gitee.com/stuinfer/bee-api/api.GoodsApi.TimesSchedule-fm (4 handlers)
[GIN-debug] CONNECT /:domain/shop/goods/times/schedule --> gitee.com/stuinfer/bee-api/api.GoodsApi.TimesSchedule-fm (4 handlers)
[GIN-debug] TRACE  /:domain/shop/goods/times/schedule --> gitee.com/stuinfer/bee-api/api.GoodsApi.TimesSchedule-fm (4 handlers)
[GIN-debug] GET    /:domain/shop/goods/kanjia/info --> gitee.com/stuinfer/bee-api/api.KanjiaApi.Info-fm (4 handlers)
[GIN-debug] GET    /:domain/shop/goods/kanjia/help --> gitee.com/stuinfer/bee-api/api.KanjiaApi.Help-fm (4 handlers)
[GIN-debug] GET    /:domain/shop/goods/kanjia/clear --> gitee.com/stuinfer/bee-api/api.KanjiaApi.Clear-fm (4 handlers)
[GIN-debug] GET    /:domain/shop/goods/kanjia/my --> gitee.com/stuinfer/bee-api/api.KanjiaApi.My-fm (4 handlers)
[GIN-debug] GET    /:domain/shop/goods/kanjia/myHelp --> gitee.com/stuinfer/bee-api/api.KanjiaApi.MyHelp-fm (4 handlers)
[GIN-debug] GET    /:domain/shop/goods/kanjia/set/v2 --> gitee.com/stuinfer/bee-api/api.KanjiaApi.Set-fm (4 handlers)
[GIN-debug] POST   /:domain/shop/goods/kanjia/join --> gitee.com/stuinfer/bee-api/api.KanjiaApi.Join-fm (4 handlers)
[GIN-debug] GET    /:domain/cms/page/info/v2 --> gitee.com/stuinfer/bee-api/api.CmsApi.Info-fm (4 handlers)
[GIN-debug] POST   /:domain/comment/add      --> gitee.com/stuinfer/bee-api/api.CommentApi.Add-fm (5 handlers)
[GIN-debug] GET    /:domain/notice/last-one  --> gitee.com/stuinfer/bee-api/api.NoticeApi.LastOne-fm (4 handlers)
[GIN-debug] GET    /:domain/notice/detail    --> gitee.com/stuinfer/bee-api/api.NoticeApi.Detail-fm (4 handlers)
[GIN-debug] GET    /:domain/banner/list      --> gitee.com/stuinfer/bee-api/api.BannerApi.List-fm (4 handlers)
[GIN-debug] GET    /common/region/v2/province --> gitee.com/stuinfer/bee-api/api.CommonApi.Province-fm (3 handlers)
[GIN-debug] GET    /common/region/v2/child   --> gitee.com/stuinfer/bee-api/api.CommonApi.Child-fm (3 handlers)
[GIN-debug] POST   /common/map/qq/distance   --> gitee.com/stuinfer/bee-api/api.CommonApi.MapQQDistance-fm (3 handlers)
[GIN-debug] POST   /:domain/yuyue/join       --> gitee.com/stuinfer/bee-api/api.YuyueAPi.Join-fm (5 handlers)
[GIN-debug] GET    /:domain/discounts/my     --> gitee.com/stuinfer/bee-api/api.DiscountsApi.My-fm (5 handlers)
[GIN-debug] GET    /:domain/discounts/detail --> gitee.com/stuinfer/bee-api/api.DiscountsApi.CouponDetail-fm (5 handlers)
[GIN-debug] GET    /:domain/discounts/statistics --> gitee.com/stuinfer/bee-api/api.DiscountsApi.Statistics-fm (5 handlers)
[GIN-debug] GET    /:domain/discounts/coupons --> gitee.com/stuinfer/bee-api/api.DiscountsApi.Coupons-fm (5 handlers)
[GIN-debug] POST   /:domain/discounts/fetch  --> gitee.com/stuinfer/bee-api/api.DiscountsApi.Fetch-fm (5 handlers)
[GIN-debug] POST   /:domain/discounts/exchange --> gitee.com/stuinfer/bee-api/api.DiscountsApi.Exchange-fm (5 handlers)
[GIN-debug] GET    /:domain/payBill/discounts --> gitee.com/stuinfer/bee-api/api.PayBillApi.Discounts-fm (5 handlers)
[GIN-debug] POST   /:domain/payBill/pay      --> gitee.com/stuinfer/bee-api/api.PayBillApi.Pay-fm (5 handlers)
[GIN-debug] GET    /:domain/user/bindSeller  --> gitee.com/stuinfer/bee-api/api.UserApi.BindSeller-fm (5 handlers)
[GIN-debug] GET    /:domain/user/my          --> gitee.com/stuinfer/bee-api/api.UserApi.My-fm (5 handlers)
[GIN-debug] POST   /:domain/user/level/list  --> gitee.com/stuinfer/bee-api/api.UserApi.LevelList-fm (5 handlers)
[GIN-debug] GET    /:domain/user/detail      --> gitee.com/stuinfer/bee-api/api.UserApi.Detail-fm (5 handlers)
[GIN-debug] POST   /:domain/user/modify      --> gitee.com/stuinfer/bee-api/api.UserApi.Modify-fm (5 handlers)
[GIN-debug] GET    /:domain/user/amount      --> gitee.com/stuinfer/bee-api/api.UserApi.Amount-fm (5 handlers)
[GIN-debug] GET    /:domain/user/check-token --> gitee.com/stuinfer/bee-api/api.UserApi.CheckToken-fm (5 handlers)
[GIN-debug] POST   /:domain/user/wxapp/authorize --> gitee.com/stuinfer/bee-api/api.UserApi.WxAppAuthorize-fm (5 handlers)
[GIN-debug] POST   /:domain/user/wxapp/login --> gitee.com/stuinfer/bee-api/api.UserApi.WxAppAuthorize-fm (5 handlers)
[GIN-debug] POST   /:domain/user/wxapp/bindMobile --> gitee.com/stuinfer/bee-api/api.UserApi.BindMobile-fm (5 handlers)
[GIN-debug] POST   /:domain/user/cashLog     --> gitee.com/stuinfer/bee-api/api.UserApi.CashLog-fm (5 handlers)
[GIN-debug] POST   /:domain/user/cashLog/v2  --> gitee.com/stuinfer/bee-api/api.UserApi.CashLog-fm (5 handlers)
[GIN-debug] GET    /:domain/user/dynamicUserCode --> gitee.com/stuinfer/bee-api/api.UserApi.GetDynamicUserCode-fm (5 handlers)
[GIN-debug] POST   /:domain/user/payLogs     --> gitee.com/stuinfer/bee-api/api.UserApi.PayLogs-fm (5 handlers)
[GIN-debug] GET    /:domain/user/recharge/send/rule --> gitee.com/stuinfer/bee-api/api.PayApi.RechargeSendRule-fm (5 handlers)
[GIN-debug] GET    /:domain/user/shipping-address/list --> gitee.com/stuinfer/bee-api/api.ShippingAddressApi.List-fm (5 handlers)
[GIN-debug] GET    /:domain/user/shipping-address/default/v2 --> gitee.com/stuinfer/bee-api/api.ShippingAddressApi.Default-fm (5 handlers)
[GIN-debug] GET    /:domain/user/shipping-address/detail/v2 --> gitee.com/stuinfer/bee-api/api.ShippingAddressApi.Detail-fm (5 handlers)
[GIN-debug] POST   /:domain/user/shipping-address/add --> gitee.com/stuinfer/bee-api/api.ShippingAddressApi.Add-fm (5 handlers)
[GIN-debug] POST   /:domain/user/shipping-address/update --> gitee.com/stuinfer/bee-api/api.ShippingAddressApi.Update-fm (5 handlers)
[GIN-debug] POST   /:domain/user/shipping-address/delete --> gitee.com/stuinfer/bee-api/api.ShippingAddressApi.Delete-fm (5 handlers)
[GIN-debug] GET    /:domain/shopping-cart/info --> gitee.com/stuinfer/bee-api/api.ShoppingCartAPi.Info-fm (5 handlers)
[GIN-debug] POST   /:domain/shopping-cart/add --> gitee.com/stuinfer/bee-api/api.ShoppingCartAPi.Add-fm (5 handlers)
[GIN-debug] POST   /:domain/shopping-cart/remove --> gitee.com/stuinfer/bee-api/api.ShoppingCartAPi.Remove-fm (5 handlers)
[GIN-debug] POST   /:domain/shopping-cart/empty --> gitee.com/stuinfer/bee-api/api.ShoppingCartAPi.Empty-fm (5 handlers)
[GIN-debug] POST   /:domain/shopping-cart/modifyNumber --> gitee.com/stuinfer/bee-api/api.ShoppingCartAPi.ModifyNumber-fm (5 handlers)
[GIN-debug] GET    /:domain/order/detail     --> gitee.com/stuinfer/bee-api/api.OrderApi.Detail-fm (5 handlers)
[GIN-debug] GET    /:domain/order/list       --> gitee.com/stuinfer/bee-api/api.OrderApi.List-fm (5 handlers)
[GIN-debug] POST   /:domain/order/list       --> gitee.com/stuinfer/bee-api/api.OrderApi.List-fm (5 handlers)
[GIN-debug] POST   /:domain/order/pay        --> gitee.com/stuinfer/bee-api/api.OrderApi.Pay-fm (5 handlers)
[GIN-debug] POST   /:domain/order/create     --> gitee.com/stuinfer/bee-api/api.OrderApi.Create-fm (5 handlers)
[GIN-debug] POST   /:domain/order/close      --> gitee.com/stuinfer/bee-api/api.OrderApi.Close-fm (5 handlers)
[GIN-debug] POST   /:domain/order/delete     --> gitee.com/stuinfer/bee-api/api.OrderApi.Delete-fm (5 handlers)
[GIN-debug] POST   /:domain/order/delivery   --> gitee.com/stuinfer/bee-api/api.OrderApi.Delivery-fm (5 handlers)
[GIN-debug] POST   /:domain/order/reputation --> gitee.com/stuinfer/bee-api/api.OrderApi.Reputation-fm (5 handlers)
[GIN-debug] POST   /:domain/order/hx         --> gitee.com/stuinfer/bee-api/api.OrderApi.Hx-fm (5 handlers)
[GIN-debug] GET    /:domain/score/sign/logs  --> gitee.com/stuinfer/bee-api/api.ScoreApi.SignLogs-fm (5 handlers)
[GIN-debug] POST   /:domain/score/sign/logs  --> gitee.com/stuinfer/bee-api/api.ScoreApi.SignLogs-fm (5 handlers)
[GIN-debug] POST   /:domain/score/sign       --> gitee.com/stuinfer/bee-api/api.ScoreApi.Sign-fm (5 handlers)
[GIN-debug] POST   /:domain/score/logs       --> gitee.com/stuinfer/bee-api/api.ScoreApi.Logs-fm (5 handlers)
[GIN-debug] POST   /:domain/score/share/wxa/group --> gitee.com/stuinfer/bee-api/api.ScoreApi.WxaGroup-fm (5 handlers)
[GIN-debug] POST   /:domain/pay/wx/wxapp     --> gitee.com/stuinfer/bee-api/api.PayApi.WxApp-fm (5 handlers)
[GIN-debug] POST   /:domain/notify/wx/pay    --> gitee.com/stuinfer/bee-api/api.PayApi.WxPayCallBack-fm (4 handlers)
[GIN-debug] GET    /:domain/notify/dada      --> gitee.com/stuinfer/bee-api/api.DadaAPi.Notify-fm (4 handlers)
[GIN-debug] POST   /:domain/notify/dada      --> gitee.com/stuinfer/bee-api/api.DadaAPi.Notify-fm (4 handlers)
[GIN-debug] PUT    /:domain/notify/dada      --> gitee.com/stuinfer/bee-api/api.DadaAPi.Notify-fm (4 handlers)
[GIN-debug] PATCH  /:domain/notify/dada      --> gitee.com/stuinfer/bee-api/api.DadaAPi.Notify-fm (4 handlers)
[GIN-debug] HEAD   /:domain/notify/dada      --> gitee.com/stuinfer/bee-api/api.DadaAPi.Notify-fm (4 handlers)
[GIN-debug] OPTIONS /:domain/notify/dada      --> gitee.com/stuinfer/bee-api/api.DadaAPi.Notify-fm (4 handlers)
[GIN-debug] DELETE /:domain/notify/dada      --> gitee.com/stuinfer/bee-api/api.DadaAPi.Notify-fm (4 handlers)
[GIN-debug] CONNECT /:domain/notify/dada      --> gitee.com/stuinfer/bee-api/api.DadaAPi.Notify-fm (4 handlers)
[GIN-debug] TRACE  /:domain/notify/dada      --> gitee.com/stuinfer/bee-api/api.DadaAPi.Notify-fm (4 handlers)
[GIN-debug] GET    /:domain/notify/yunlaba   --> gitee.com/stuinfer/bee-api/api.YunlabaAPi.Notify-fm (4 handlers)
[GIN-debug] POST   /:domain/notify/yunlaba   --> gitee.com/stuinfer/bee-api/api.YunlabaAPi.Notify-fm (4 handlers)
[GIN-debug] PUT    /:domain/notify/yunlaba   --> gitee.com/stuinfer/bee-api/api.YunlabaAPi.Notify-fm (4 handlers)
[GIN-debug] PATCH  /:domain/notify/yunlaba   --> gitee.com/stuinfer/bee-api/api.YunlabaAPi.Notify-fm (4 handlers)
[GIN-debug] HEAD   /:domain/notify/yunlaba   --> gitee.com/stuinfer/bee-api/api.YunlabaAPi.Notify-fm (4 handlers)
[GIN-debug] OPTIONS /:domain/notify/yunlaba   --> gitee.com/stuinfer/bee-api/api.YunlabaAPi.Notify-fm (4 handlers)
[GIN-debug] DELETE /:domain/notify/yunlaba   --> gitee.com/stuinfer/bee-api/api.YunlabaAPi.Notify-fm (4 handlers)
[GIN-debug] CONNECT /:domain/notify/yunlaba   --> gitee.com/stuinfer/bee-api/api.YunlabaAPi.Notify-fm (4 handlers)
[GIN-debug] TRACE  /:domain/notify/yunlaba   --> gitee.com/stuinfer/bee-api/api.YunlabaAPi.Notify-fm (4 handlers)
[GIN-debug] POST   /:domain/cyTable/add-order --> gitee.com/stuinfer/bee-api/api.CyTableAPi.AddOrder-fm (5 handlers)
[GIN-debug] POST   /:domain/cyTable/token    --> gitee.com/stuinfer/bee-api/api.CyTableAPi.Token-fm (4 handlers)
[GIN-debug] GET    /:domain/fee/peisong/list --> gitee.com/stuinfer/bee-api/api.FeeAPi.ListPeiSong-fm (4 handlers)
[GIN-debug] POST   /:domain/queuing/get      --> gitee.com/stuinfer/bee-api/api.QueuingApi.Get-fm (5 handlers)
[GIN-debug] GET    /:domain/queuing/types    --> gitee.com/stuinfer/bee-api/api.QueuingApi.Types-fm (4 handlers)
[GIN-debug] GET    /:domain/queuing/my       --> gitee.com/stuinfer/bee-api/api.QueuingApi.My-fm (5 handlers)
2025-02-24T10:12:25.751+0800	INFO	model/base.go:73	å¼€å§‹åˆå§‹åŒ–æ•°æ®åº“ï¼Œç”Ÿäº§ç¯å¢ƒè¯·ç¦ç”¨ï¼ï¼
2025-02-24T10:12:25.751+0800	INFO	model/base.go:75	æ¸…ç©ºæ•°æ®åº“

2025/02/24 10:12:25 [35m/root/bee-api/bee-api/db/bee.go:19
[0m[31m[error] [0mfailed to initialize database, got error Error 1698 (28000): Access denied for user 'root'@'localhost'
panic: Error 1698 (28000): Access denied for user 'root'@'localhost'

goroutine 1 [running]:
gitee.com/stuinfer/bee-api/db.GetDB.func1()
	/root/bee-api/bee-api/db/bee.go:56 +0x3b
sync.(*Once).doSlow(0x0?, 0x0?)
	/usr/local/go/src/sync/once.go:74 +0xc2
sync.(*Once).Do(...)
	/usr/local/go/src/sync/once.go:65
gitee.com/stuinfer/bee-api/db.GetDB()
	/root/bee-api/bee-api/db/bee.go:51 +0x2c
gitee.com/stuinfer/bee-api/model.InitDB()
	/root/bee-api/bee-api/model/base.go:76 +0x75
gitee.com/stuinfer/bee-api/cmd.Run(0x248f000)
	/root/bee-api/bee-api/cmd/run.go:29 +0xd7
main.main()
	/root/bee-api/bee-api/main.go:24 +0x1f
