nohup: ignoring input
2025/03/26 17:46:09 maxprocs: Leaving GOMAXPROCS=4: CPU quota undefined
[DEPRECATION WARNING] github.com/qiniu/api.v7 is deprecated. And the repository is moved to github.com/qiniu/api.v7 now
æ‚¨æ­£åœ¨ä½¿ç”¨ginæ¨¡å¼çš„releaseç¯å¢ƒåç§°,configçš„è·¯å¾„ä¸ºconfig.release.yaml
root:PASS@tcp(127.0.0.1:3306)/bee?charset=utf8mb4&parseTime=True&loc=Local[github.com/flipped-aurora/gin-vue-admin/server]2025-03-26 17:46:09.943	[34minfo[0m	/root/bee-api/server/initialize/gorm.go:68	register table success
[github.com/flipped-aurora/gin-vue-admin/server]2025-03-26 17:46:09.944	[34minfo[0m	/root/bee-api/server/initialize/router.go:60	register swagger handler
æ— é‰´æƒæ’ä»¶å®‰è£…==ã€‹ &{[0x11b6da0] / 0xc001a94000 false}
é‰´æƒæ’ä»¶å®‰è£…==ã€‹ &{[0x11b6da0 0x1b99900 0x1b99f60] / 0xc001a94000 false}
[github.com/flipped-aurora/gin-vue-admin/server]2025-03-26 17:46:09.945	[34minfo[0m	/root/bee-api/server/plugin/beeshop/main.go:71	å­˜åœ¨åŒåmenuï¼Œè·³è¿‡
[github.com/flipped-aurora/gin-vue-admin/server]2025-03-26 17:46:09.946	[34minfo[0m	/root/bee-api/server/plugin/beeshop/main.go:71	å­˜åœ¨åŒåmenuï¼Œè·³è¿‡
[github.com/flipped-aurora/gin-vue-admin/server]2025-03-26 17:46:09.946	[34minfo[0m	/root/bee-api/server/plugin/beeshop/main.go:71	å­˜åœ¨åŒåmenuï¼Œè·³è¿‡
[github.com/flipped-aurora/gin-vue-admin/server]2025-03-26 17:46:09.947	[34minfo[0m	/root/bee-api/server/plugin/beeshop/main.go:71	å­˜åœ¨åŒåmenuï¼Œè·³è¿‡
[github.com/flipped-aurora/gin-vue-admin/server]2025-03-26 17:46:09.948	[34minfo[0m	/root/bee-api/server/plugin/beeshop/main.go:71	å­˜åœ¨åŒåmenuï¼Œè·³è¿‡
[github.com/flipped-aurora/gin-vue-admin/server]2025-03-26 17:46:09.948	[34minfo[0m	/root/bee-api/server/plugin/beeshop/main.go:71	å­˜åœ¨åŒåmenuï¼Œè·³è¿‡
[github.com/flipped-aurora/gin-vue-admin/server]2025-03-26 17:46:09.949	[34minfo[0m	/root/bee-api/server/plugin/beeshop/main.go:71	å­˜åœ¨åŒåmenuï¼Œè·³è¿‡
[github.com/flipped-aurora/gin-vue-admin/server]2025-03-26 17:46:09.949	[34minfo[0m	/root/bee-api/server/plugin/beeshop/main.go:71	å­˜åœ¨åŒåmenuï¼Œè·³è¿‡
[github.com/flipped-aurora/gin-vue-admin/server]2025-03-26 17:46:09.950	[34minfo[0m	/root/bee-api/server/plugin/beeshop/main.go:71	å­˜åœ¨åŒåmenuï¼Œè·³è¿‡
[github.com/flipped-aurora/gin-vue-admin/server]2025-03-26 17:46:09.951	[34minfo[0m	/root/bee-api/server/plugin/beeshop/main.go:71	å­˜åœ¨åŒåmenuï¼Œè·³è¿‡
[github.com/flipped-aurora/gin-vue-admin/server]2025-03-26 17:46:09.951	[34minfo[0m	/root/bee-api/server/plugin/beeshop/main.go:71	å­˜åœ¨åŒåmenuï¼Œè·³è¿‡
[github.com/flipped-aurora/gin-vue-admin/server]2025-03-26 17:46:09.952	[34minfo[0m	/root/bee-api/server/plugin/beeshop/main.go:71	å­˜åœ¨åŒåmenuï¼Œè·³è¿‡
[github.com/flipped-aurora/gin-vue-admin/server]2025-03-26 17:46:09.952	[34minfo[0m	/root/bee-api/server/plugin/beeshop/main.go:71	å­˜åœ¨åŒåmenuï¼Œè·³è¿‡
[github.com/flipped-aurora/gin-vue-admin/server]2025-03-26 17:46:09.953	[34minfo[0m	/root/bee-api/server/plugin/beeshop/main.go:71	å­˜åœ¨åŒåmenuï¼Œè·³è¿‡
[github.com/flipped-aurora/gin-vue-admin/server]2025-03-26 17:46:09.953	[34minfo[0m	/root/bee-api/server/plugin/beeshop/main.go:71	å­˜åœ¨åŒåmenuï¼Œè·³è¿‡
[github.com/flipped-aurora/gin-vue-admin/server]2025-03-26 17:46:09.954	[34minfo[0m	/root/bee-api/server/plugin/beeshop/main.go:71	å­˜åœ¨åŒåmenuï¼Œè·³è¿‡
[github.com/flipped-aurora/gin-vue-admin/server]2025-03-26 17:46:09.954	[34minfo[0m	/root/bee-api/server/plugin/beeshop/main.go:71	å­˜åœ¨åŒåmenuï¼Œè·³è¿‡
[github.com/flipped-aurora/gin-vue-admin/server]2025-03-26 17:46:09.955	[34minfo[0m	/root/bee-api/server/plugin/beeshop/main.go:71	å­˜åœ¨åŒåmenuï¼Œè·³è¿‡
[github.com/flipped-aurora/gin-vue-admin/server]2025-03-26 17:46:09.955	[34minfo[0m	/root/bee-api/server/plugin/beeshop/main.go:71	å­˜åœ¨åŒåmenuï¼Œè·³è¿‡
[github.com/flipped-aurora/gin-vue-admin/server]2025-03-26 17:46:09.956	[34minfo[0m	/root/bee-api/server/plugin/beeshop/main.go:71	å­˜åœ¨åŒåmenuï¼Œè·³è¿‡
[github.com/flipped-aurora/gin-vue-admin/server]2025-03-26 17:46:09.956	[34minfo[0m	/root/bee-api/server/plugin/beeshop/main.go:71	å­˜åœ¨åŒåmenuï¼Œè·³è¿‡
[github.com/flipped-aurora/gin-vue-admin/server]2025-03-26 17:46:09.957	[34minfo[0m	/root/bee-api/server/plugin/beeshop/main.go:71	å­˜åœ¨åŒåmenuï¼Œè·³è¿‡
[github.com/flipped-aurora/gin-vue-admin/server]2025-03-26 17:46:09.957	[34minfo[0m	/root/bee-api/server/plugin/beeshop/main.go:71	å­˜åœ¨åŒåmenuï¼Œè·³è¿‡
[github.com/flipped-aurora/gin-vue-admin/server]2025-03-26 17:46:09.958	[34minfo[0m	/root/bee-api/server/plugin/beeshop/main.go:71	å­˜åœ¨åŒåmenuï¼Œè·³è¿‡
[github.com/flipped-aurora/gin-vue-admin/server]2025-03-26 17:46:09.958	[34minfo[0m	/root/bee-api/server/plugin/beeshop/main.go:71	å­˜åœ¨åŒåmenuï¼Œè·³è¿‡
[github.com/flipped-aurora/gin-vue-admin/server]2025-03-26 17:46:09.959	[34minfo[0m	/root/bee-api/server/plugin/beeshop/main.go:71	å­˜åœ¨åŒåmenuï¼Œè·³è¿‡
[github.com/flipped-aurora/gin-vue-admin/server]2025-03-26 17:46:09.960	[34minfo[0m	/root/bee-api/server/plugin/beeshop/main.go:71	å­˜åœ¨åŒåmenuï¼Œè·³è¿‡
[github.com/flipped-aurora/gin-vue-admin/server]2025-03-26 17:46:09.960	[34minfo[0m	/root/bee-api/server/plugin/beeshop/main.go:71	å­˜åœ¨åŒåmenuï¼Œè·³è¿‡
[github.com/flipped-aurora/gin-vue-admin/server]2025-03-26 17:46:09.961	[34minfo[0m	/root/bee-api/server/plugin/beeshop/main.go:71	å­˜åœ¨åŒåmenuï¼Œè·³è¿‡
[github.com/flipped-aurora/gin-vue-admin/server]2025-03-26 17:46:09.961	[34minfo[0m	/root/bee-api/server/plugin/beeshop/main.go:71	å­˜åœ¨åŒåmenuï¼Œè·³è¿‡
[github.com/flipped-aurora/gin-vue-admin/server]2025-03-26 17:46:09.962	[34minfo[0m	/root/bee-api/server/plugin/beeshop/main.go:71	å­˜åœ¨åŒåmenuï¼Œè·³è¿‡
[github.com/flipped-aurora/gin-vue-admin/server]2025-03-26 17:46:09.962	[34minfo[0m	/root/bee-api/server/plugin/beeshop/main.go:71	å­˜åœ¨åŒåmenuï¼Œè·³è¿‡
[github.com/flipped-aurora/gin-vue-admin/server]2025-03-26 17:46:09.963	[34minfo[0m	/root/bee-api/server/plugin/beeshop/main.go:71	å­˜åœ¨åŒåmenuï¼Œè·³è¿‡
[github.com/flipped-aurora/gin-vue-admin/server]2025-03-26 17:46:09.963	[34minfo[0m	/root/bee-api/server/plugin/beeshop/main.go:71	å­˜åœ¨åŒåmenuï¼Œè·³è¿‡
[github.com/flipped-aurora/gin-vue-admin/server]2025-03-26 17:46:09.964	[34minfo[0m	/root/bee-api/server/plugin/beeshop/main.go:71	å­˜åœ¨åŒåmenuï¼Œè·³è¿‡
[github.com/flipped-aurora/gin-vue-admin/server]2025-03-26 17:46:09.964	[34minfo[0m	/root/bee-api/server/plugin/beeshop/main.go:71	å­˜åœ¨åŒåmenuï¼Œè·³è¿‡
[github.com/flipped-aurora/gin-vue-admin/server]2025-03-26 17:46:09.965	[34minfo[0m	/root/bee-api/server/plugin/beeshop/main.go:71	å­˜åœ¨åŒåmenuï¼Œè·³è¿‡
[github.com/flipped-aurora/gin-vue-admin/server]2025-03-26 17:46:09.966	[34minfo[0m	/root/bee-api/server/plugin/beeshop/main.go:71	å­˜åœ¨åŒåmenuï¼Œè·³è¿‡
[github.com/flipped-aurora/gin-vue-admin/server]2025-03-26 17:46:09.966	[34minfo[0m	/root/bee-api/server/plugin/beeshop/main.go:71	å­˜åœ¨åŒåmenuï¼Œè·³è¿‡
[github.com/flipped-aurora/gin-vue-admin/server]2025-03-26 17:46:09.967	[34minfo[0m	/root/bee-api/server/plugin/beeshop/main.go:71	å­˜åœ¨åŒåmenuï¼Œè·³è¿‡
[github.com/flipped-aurora/gin-vue-admin/server]2025-03-26 17:46:09.967	[34minfo[0m	/root/bee-api/server/plugin/beeshop/main.go:71	å­˜åœ¨åŒåmenuï¼Œè·³è¿‡
[github.com/flipped-aurora/gin-vue-admin/server]2025-03-26 17:46:09.968	[34minfo[0m	/root/bee-api/server/plugin/beeshop/main.go:71	å­˜åœ¨åŒåmenuï¼Œè·³è¿‡
[github.com/flipped-aurora/gin-vue-admin/server]2025-03-26 17:46:09.968	[34minfo[0m	/root/bee-api/server/plugin/beeshop/main.go:71	å­˜åœ¨åŒåmenuï¼Œè·³è¿‡
[github.com/flipped-aurora/gin-vue-admin/server]2025-03-26 17:46:09.969	[34minfo[0m	/root/bee-api/server/plugin/beeshop/main.go:71	å­˜åœ¨åŒåmenuï¼Œè·³è¿‡
[github.com/flipped-aurora/gin-vue-admin/server]2025-03-26 17:46:09.969	[34minfo[0m	/root/bee-api/server/plugin/beeshop/main.go:71	å­˜åœ¨åŒåmenuï¼Œè·³è¿‡
[github.com/flipped-aurora/gin-vue-admin/server]2025-03-26 17:46:09.970	[34minfo[0m	/root/bee-api/server/plugin/beeshop/main.go:71	å­˜åœ¨åŒåmenuï¼Œè·³è¿‡
[github.com/flipped-aurora/gin-vue-admin/server]2025-03-26 17:46:09.971	[34minfo[0m	/root/bee-api/server/plugin/beeshop/main.go:71	å­˜åœ¨åŒåmenuï¼Œè·³è¿‡
æ’ä»¶å·²å®‰è£…æˆ–å­˜åœ¨åŒåè·¯ç”±
æ’ä»¶å·²å®‰è£…æˆ–å­˜åœ¨åŒåè·¯ç”±
æ’ä»¶å·²å®‰è£…æˆ–å­˜åœ¨åŒåè·¯ç”±
æ’ä»¶å·²å®‰è£…æˆ–å­˜åœ¨åŒåè·¯ç”±
æ’ä»¶å·²å®‰è£…æˆ–å­˜åœ¨åŒåè·¯ç”±
æ’ä»¶å·²å®‰è£…æˆ–å­˜åœ¨åŒåè·¯ç”±
æ’ä»¶å·²å®‰è£…æˆ–å­˜åœ¨åŒåè·¯ç”±
æ’ä»¶å·²å®‰è£…æˆ–å­˜åœ¨åŒåè·¯ç”±
æ’ä»¶å·²å®‰è£…æˆ–å­˜åœ¨åŒåè·¯ç”±
æ’ä»¶å·²å®‰è£…æˆ–å­˜åœ¨åŒåè·¯ç”±
æ’ä»¶å·²å®‰è£…æˆ–å­˜åœ¨åŒåè·¯ç”±
æ’ä»¶å·²å®‰è£…æˆ–å­˜åœ¨åŒåè·¯ç”±
æ’ä»¶å·²å®‰è£…æˆ–å­˜åœ¨åŒåè·¯ç”±
æ’ä»¶å·²å®‰è£…æˆ–å­˜åœ¨åŒåè·¯ç”±
æ’ä»¶å·²å®‰è£…æˆ–å­˜åœ¨åŒåè·¯ç”±
æ’ä»¶å·²å®‰è£…æˆ–å­˜åœ¨åŒåè·¯ç”±
æ’ä»¶å·²å®‰è£…æˆ–å­˜åœ¨åŒåè·¯ç”±
æ’ä»¶å·²å®‰è£…æˆ–å­˜åœ¨åŒåè·¯ç”±
æ’ä»¶å·²å®‰è£…æˆ–å­˜åœ¨åŒåè·¯ç”±
æ’ä»¶å·²å®‰è£…æˆ–å­˜åœ¨åŒåè·¯ç”±
æ’ä»¶å·²å®‰è£…æˆ–å­˜åœ¨åŒåè·¯ç”±
æ’ä»¶å·²å®‰è£…æˆ–å­˜åœ¨åŒåè·¯ç”±
æ’ä»¶å·²å®‰è£…æˆ–å­˜åœ¨åŒåè·¯ç”±
[github.com/flipped-aurora/gin-vue-admin/server]2025-03-26 17:46:09.996	[34minfo[0m	/root/bee-api/server/plugin/beeshop/main.go:362	å­˜åœ¨åŒåmenuï¼Œè·³è¿‡	{"name": "beeOrderPeisong"}
[github.com/flipped-aurora/gin-vue-admin/server]2025-03-26 17:46:09.996	[34minfo[0m	/root/bee-api/server/plugin/beeshop/main.go:362	å­˜åœ¨åŒåmenuï¼Œè·³è¿‡	{"name": "beeRechargeSendRule"}
[github.com/flipped-aurora/gin-vue-admin/server]2025-03-26 17:46:09.997	[34minfo[0m	/root/bee-api/server/plugin/beeshop/main.go:362	å­˜åœ¨åŒåmenuï¼Œè·³è¿‡	{"name": "beeOrderPeisongLog"}
[github.com/flipped-aurora/gin-vue-admin/server]2025-03-26 17:46:09.998	[34minfo[0m	/root/bee-api/server/plugin/beeshop/main.go:362	å­˜åœ¨åŒåmenuï¼Œè·³è¿‡	{"name": "beePrinter"}
[github.com/flipped-aurora/gin-vue-admin/server]2025-03-26 17:46:09.998	[34minfo[0m	/root/bee-api/server/plugin/beeshop/main.go:362	å­˜åœ¨åŒåmenuï¼Œè·³è¿‡	{"name": "beeDelivery"}
[github.com/flipped-aurora/gin-vue-admin/server]2025-03-26 17:46:09.999	[34minfo[0m	/root/bee-api/server/plugin/beeshop/main.go:362	å­˜åœ¨åŒåmenuï¼Œè·³è¿‡	{"name": "beeDeliveryBindYunlaba"}
[github.com/flipped-aurora/gin-vue-admin/server]2025-03-26 17:46:10.000	[34minfo[0m	/root/bee-api/server/plugin/beeshop/main.go:362	å­˜åœ¨åŒåmenuï¼Œè·³è¿‡	{"name": "beeDashboard"}
[github.com/flipped-aurora/gin-vue-admin/server]2025-03-26 17:46:10.001	[34minfo[0m	/root/bee-api/server/plugin/beeshop/main.go:362	å­˜åœ¨åŒåmenuï¼Œè·³è¿‡	{"name": "beeQueueAdmin"}
[github.com/flipped-aurora/gin-vue-admin/server]2025-03-26 17:46:10.003	[34minfo[0m	/root/bee-api/server/plugin/beeshop/main.go:362	å­˜åœ¨åŒåmenuï¼Œè·³è¿‡	{"name": "beeQueue"}
[github.com/flipped-aurora/gin-vue-admin/server]2025-03-26 17:46:10.004	[34minfo[0m	/root/bee-api/server/plugin/beeshop/main.go:362	å­˜åœ¨åŒåmenuï¼Œè·³è¿‡	{"name": "beeUserQueue"}
[github.com/flipped-aurora/gin-vue-admin/server]2025-03-26 17:46:10.005	[34minfo[0m	/root/bee-api/server/plugin/beeshop/main.go:362	å­˜åœ¨åŒåmenuï¼Œè·³è¿‡	{"name": "beeOrderTodo"}
[github.com/flipped-aurora/gin-vue-admin/server]2025-03-26 17:46:10.788	[34minfo[0m	/root/bee-api/bee-api/cmd/run.go:41	æœåŠ¡å¯åŠ¨	{"addr": "0.0.0.0:18083"}
[github.com/flipped-aurora/gin-vue-admin/server]2025-03-26 17:46:10.788	[34minfo[0m	/root/bee-api/server/initialize/router.go:106	router register success
[github.com/flipped-aurora/gin-vue-admin/server]2025-03-26 17:46:10.788	[34minfo[0m	/root/bee-api/server/core/server.go:37	server run success on 	{"address": ":8888"}

	æ¬¢è¿ä½¿ç”¨ gin-vue-admin
	å½“å‰ç‰ˆæœ¬:v2.6.5
    åŠ ç¾¤æ–¹å¼:å¾®ä¿¡å·ï¼šshouzi_1994 QQç¾¤ï¼š470239250
	é¡¹ç›®åœ°å€ï¼šhttps://github.com/flipped-aurora/gin-vue-admin
	æ’ä»¶å¸‚åœº:https://plugin.gin-vue-admin.com
	GVAè®¨è®ºç¤¾åŒº:https://support.qq.com/products/371961
	é»˜è®¤è‡ªåŠ¨åŒ–æ–‡æ¡£åœ°å€:http://127.0.0.1:8888/swagger/index.html
	é»˜è®¤å‰ç«¯æ–‡ä»¶è¿è¡Œåœ°å€:http://127.0.0.1:8080
	--------------------------------------ç‰ˆæƒå£°æ˜--------------------------------------
	** ç‰ˆæƒæ‰€æœ‰æ–¹ï¼šflipped-auroraå¼€æºå›¢é˜Ÿ **
	** ç‰ˆæƒæŒæœ‰å…¬å¸ï¼šåŒ—äº¬ç¿»è½¬æå…‰ç§‘æŠ€æœ‰é™è´£ä»»å…¬å¸ **
	** å‰”é™¤æˆæƒæ ‡è¯†éœ€è´­ä¹°å•†ç”¨æˆæƒï¼šhttps://gin-vue-admin.com/empower/index.html **
2025/03/26 17:46:10 113355 :8888
